1706865367.390348 client started (33178): version 3.3a, socket /private/tmp/tmux-501/default, protocol 8
1706865367.390387 on Darwin 23.2.0 Darwin Kernel Version 23.2.0: Wed Nov 15 21:53:34 PST 2023; root:xnu-10002.61.3~2/RELEASE_ARM64_T8103
1706865367.391054 using libevent 2.1.12-stable (select); utf8proc 2.9.0; ncurses 6.4
1706865367.391091 flags are 0x10010000
1706865367.391101 socket is /private/tmp/tmux-501/default
1706865367.391115 trying connect
1706865367.391154 add peer 0x118008000: 7 (0x0)
1706865367.393965 sending message 100 to peer 0x118008000 (4 bytes)
1706865367.393976 sending message 111 to peer 0x118008000 (8 bytes)
1706865367.393982 sending message 101 to peer 0x118008000 (16 bytes)
1706865367.393988 sending message 109 to peer 0x118008000 (4 bytes)
1706865367.393993 sending message 102 to peer 0x118008000 (13 bytes)
1706865367.393998 sending message 108 to peer 0x118008000 (25 bytes)
1706865367.394003 sending message 112 to peer 0x118008000 (70 bytes)
1706865367.394008 sending message 112 to peer 0x118008000 (5 bytes)
1706865367.394012 sending message 112 to peer 0x118008000 (5 bytes)
1706865367.394017 sending message 112 to peer 0x118008000 (6 bytes)
1706865367.394022 sending message 112 to peer 0x118008000 (6 bytes)
1706865367.394027 sending message 112 to peer 0x118008000 (11 bytes)
1706865367.394031 sending message 112 to peer 0x118008000 (10 bytes)
1706865367.394036 sending message 112 to peer 0x118008000 (13 bytes)
1706865367.394041 sending message 112 to peer 0x118008000 (13 bytes)
1706865367.394046 sending message 112 to peer 0x118008000 (18 bytes)
1706865367.394051 sending message 112 to peer 0x118008000 (11 bytes)
1706865367.394055 sending message 112 to peer 0x118008000 (21 bytes)
1706865367.394060 sending message 112 to peer 0x118008000 (13 bytes)
1706865367.394065 sending message 112 to peer 0x118008000 (7 bytes)
1706865367.394069 sending message 112 to peer 0x118008000 (13 bytes)
1706865367.394074 sending message 112 to peer 0x118008000 (7 bytes)
1706865367.394079 sending message 112 to peer 0x118008000 (13 bytes)
1706865367.394083 sending message 112 to peer 0x118008000 (9 bytes)
1706865367.394088 sending message 112 to peer 0x118008000 (21 bytes)
1706865367.394093 sending message 112 to peer 0x118008000 (13 bytes)
1706865367.394097 sending message 112 to peer 0x118008000 (8 bytes)
1706865367.394102 sending message 112 to peer 0x118008000 (12 bytes)
1706865367.394107 sending message 112 to peer 0x118008000 (13 bytes)
1706865367.394111 sending message 112 to peer 0x118008000 (9 bytes)
1706865367.394116 sending message 112 to peer 0x118008000 (9 bytes)
1706865367.394120 sending message 112 to peer 0x118008000 (12 bytes)
1706865367.394125 sending message 112 to peer 0x118008000 (8 bytes)
1706865367.394130 sending message 112 to peer 0x118008000 (7 bytes)
1706865367.394134 sending message 112 to peer 0x118008000 (7 bytes)
1706865367.394139 sending message 112 to peer 0x118008000 (9 bytes)
1706865367.394143 sending message 112 to peer 0x118008000 (13 bytes)
1706865367.394148 sending message 112 to peer 0x118008000 (9 bytes)
1706865367.394153 sending message 112 to peer 0x118008000 (15 bytes)
1706865367.394158 sending message 112 to peer 0x118008000 (13 bytes)
1706865367.394162 sending message 112 to peer 0x118008000 (12 bytes)
1706865367.394167 sending message 112 to peer 0x118008000 (8 bytes)
1706865367.394171 sending message 112 to peer 0x118008000 (14 bytes)
1706865367.394176 sending message 112 to peer 0x118008000 (9 bytes)
1706865367.394181 sending message 112 to peer 0x118008000 (10 bytes)
1706865367.394185 sending message 112 to peer 0x118008000 (10 bytes)
1706865367.394190 sending message 112 to peer 0x118008000 (10 bytes)
1706865367.394194 sending message 112 to peer 0x118008000 (10 bytes)
1706865367.394199 sending message 112 to peer 0x118008000 (11 bytes)
1706865367.394204 sending message 112 to peer 0x118008000 (10 bytes)
1706865367.394208 sending message 112 to peer 0x118008000 (8 bytes)
1706865367.394213 sending message 112 to peer 0x118008000 (11 bytes)
1706865367.394217 sending message 112 to peer 0x118008000 (11 bytes)
1706865367.394232 sending message 112 to peer 0x118008000 (11 bytes)
1706865367.394236 sending message 112 to peer 0x118008000 (8 bytes)
1706865367.394240 sending message 112 to peer 0x118008000 (8 bytes)
1706865367.394243 sending message 112 to peer 0x118008000 (8 bytes)
1706865367.394246 sending message 112 to peer 0x118008000 (10 bytes)
1706865367.394250 sending message 112 to peer 0x118008000 (10 bytes)
1706865367.394253 sending message 112 to peer 0x118008000 (10 bytes)
1706865367.394256 sending message 112 to peer 0x118008000 (10 bytes)
1706865367.394259 sending message 112 to peer 0x118008000 (10 bytes)
1706865367.394262 sending message 112 to peer 0x118008000 (11 bytes)
1706865367.394266 sending message 112 to peer 0x118008000 (11 bytes)
1706865367.394269 sending message 112 to peer 0x118008000 (10 bytes)
1706865367.394272 sending message 112 to peer 0x118008000 (9 bytes)
1706865367.394276 sending message 112 to peer 0x118008000 (9 bytes)
1706865367.394279 sending message 112 to peer 0x118008000 (12 bytes)
1706865367.394282 sending message 112 to peer 0x118008000 (9 bytes)
1706865367.394286 sending message 112 to peer 0x118008000 (6 bytes)
1706865367.394289 sending message 112 to peer 0x118008000 (13 bytes)
1706865367.394292 sending message 112 to peer 0x118008000 (8 bytes)
1706865367.394296 sending message 112 to peer 0x118008000 (15 bytes)
1706865367.394299 sending message 112 to peer 0x118008000 (13 bytes)
1706865367.394302 sending message 112 to peer 0x118008000 (70 bytes)
1706865367.394305 sending message 112 to peer 0x118008000 (69 bytes)
1706865367.394309 sending message 112 to peer 0x118008000 (10 bytes)
1706865367.394312 sending message 112 to peer 0x118008000 (8 bytes)
1706865367.394315 sending message 112 to peer 0x118008000 (15 bytes)
1706865367.394318 sending message 112 to peer 0x118008000 (13 bytes)
1706865367.394322 sending message 112 to peer 0x118008000 (10 bytes)
1706865367.394325 sending message 112 to peer 0x118008000 (10 bytes)
1706865367.394328 sending message 112 to peer 0x118008000 (5 bytes)
1706865367.394332 sending message 112 to peer 0x118008000 (15 bytes)
1706865367.394336 sending message 104 to peer 0x118008000 (0 bytes)
1706865367.394340 sending message 110 to peer 0x118008000 (0 bytes)
1706865367.394343 sending message 107 to peer 0x118008000 (4 bytes)
1706865367.394347 sending message 105 to peer 0x118008000 (82 bytes)
1706865367.394350 sending message 105 to peer 0x118008000 (86 bytes)
1706865367.394353 sending message 105 to peer 0x118008000 (31 bytes)
1706865367.394357 sending message 105 to peer 0x118008000 (20 bytes)
1706865367.394360 sending message 105 to peer 0x118008000 (22 bytes)
1706865367.394363 sending message 105 to peer 0x118008000 (42 bytes)
1706865367.394367 sending message 105 to peer 0x118008000 (17 bytes)
1706865367.394370 sending message 105 to peer 0x118008000 (37 bytes)
1706865367.394373 sending message 105 to peer 0x118008000 (30 bytes)
1706865367.394376 sending message 105 to peer 0x118008000 (34 bytes)
1706865367.394380 sending message 105 to peer 0x118008000 (60 bytes)
1706865367.394383 sending message 105 to peer 0x118008000 (19 bytes)
1706865367.394386 sending message 105 to peer 0x118008000 (37 bytes)
1706865367.394390 sending message 105 to peer 0x118008000 (8 bytes)
1706865367.394393 sending message 105 to peer 0x118008000 (13 bytes)
1706865367.394396 sending message 105 to peer 0x118008000 (32 bytes)
1706865367.394399 sending message 105 to peer 0x118008000 (96 bytes)
1706865367.394403 sending message 105 to peer 0x118008000 (430 bytes)
1706865367.394407 sending message 105 to peer 0x118008000 (51 bytes)
1706865367.394410 sending message 105 to peer 0x118008000 (16 bytes)
1706865367.394413 sending message 105 to peer 0x118008000 (25 bytes)
1706865367.394417 sending message 105 to peer 0x118008000 (60 bytes)
1706865367.394420 sending message 105 to peer 0x118008000 (19 bytes)
1706865367.394423 sending message 105 to peer 0x118008000 (11 bytes)
1706865367.394426 sending message 105 to peer 0x118008000 (3088 bytes)
1706865367.394436 sending message 105 to peer 0x118008000 (53 bytes)
1706865367.394440 sending message 105 to peer 0x118008000 (29 bytes)
1706865367.394443 sending message 105 to peer 0x118008000 (15 bytes)
1706865367.394447 sending message 105 to peer 0x118008000 (8 bytes)
1706865367.394450 sending message 105 to peer 0x118008000 (66 bytes)
1706865367.394453 sending message 105 to peer 0x118008000 (21 bytes)
1706865367.394457 sending message 105 to peer 0x118008000 (18 bytes)
1706865367.394460 sending message 105 to peer 0x118008000 (26 bytes)
1706865367.394463 sending message 105 to peer 0x118008000 (57 bytes)
1706865367.394467 sending message 105 to peer 0x118008000 (42 bytes)
1706865367.394470 sending message 105 to peer 0x118008000 (13 bytes)
1706865367.394473 sending message 105 to peer 0x118008000 (59 bytes)
1706865367.394476 sending message 105 to peer 0x118008000 (10 bytes)
1706865367.394480 sending message 105 to peer 0x118008000 (20 bytes)
1706865367.394483 sending message 105 to peer 0x118008000 (14 bytes)
1706865367.394486 sending message 105 to peer 0x118008000 (19 bytes)
1706865367.394489 sending message 105 to peer 0x118008000 (27 bytes)
1706865367.394493 sending message 105 to peer 0x118008000 (35 bytes)
1706865367.394496 sending message 105 to peer 0x118008000 (32 bytes)
1706865367.394499 sending message 105 to peer 0x118008000 (34 bytes)
1706865367.394503 sending message 105 to peer 0x118008000 (26 bytes)
1706865367.394506 sending message 105 to peer 0x118008000 (23 bytes)
1706865367.394509 sending message 105 to peer 0x118008000 (29 bytes)
1706865367.394512 sending message 105 to peer 0x118008000 (17 bytes)
1706865367.394516 sending message 105 to peer 0x118008000 (22 bytes)
1706865367.394519 sending message 105 to peer 0x118008000 (23 bytes)
1706865367.394522 sending message 105 to peer 0x118008000 (242 bytes)
1706865367.394526 sending message 105 to peer 0x118008000 (20 bytes)
1706865367.394529 sending message 105 to peer 0x118008000 (14 bytes)
1706865367.394532 sending message 105 to peer 0x118008000 (15 bytes)
1706865367.394536 sending message 105 to peer 0x118008000 (27 bytes)
1706865367.394539 sending message 105 to peer 0x118008000 (18 bytes)
1706865367.394542 sending message 105 to peer 0x118008000 (14 bytes)
1706865367.394546 sending message 105 to peer 0x118008000 (18 bytes)
1706865367.394549 sending message 105 to peer 0x118008000 (20 bytes)
1706865367.394552 sending message 105 to peer 0x118008000 (23 bytes)
1706865367.394555 sending message 105 to peer 0x118008000 (11 bytes)
1706865367.394559 sending message 105 to peer 0x118008000 (16 bytes)
1706865367.394562 sending message 105 to peer 0x118008000 (15 bytes)
1706865367.394565 sending message 105 to peer 0x118008000 (15 bytes)
1706865367.394569 sending message 105 to peer 0x118008000 (15 bytes)
1706865367.394572 sending message 105 to peer 0x118008000 (23 bytes)
1706865367.394575 sending message 105 to peer 0x118008000 (15 bytes)
1706865367.394578 sending message 105 to peer 0x118008000 (17 bytes)
1706865367.394582 sending message 105 to peer 0x118008000 (9 bytes)
1706865367.394585 sending message 105 to peer 0x118008000 (17 bytes)
1706865367.394588 sending message 105 to peer 0x118008000 (14 bytes)
1706865367.394591 sending message 105 to peer 0x118008000 (10 bytes)
1706865367.394595 sending message 105 to peer 0x118008000 (25 bytes)
1706865367.394598 sending message 106 to peer 0x118008000 (0 bytes)
1706865367.394640 sending message 200 to peer 0x118008000 (4 bytes)
1706865367.394645 client loop enter
1706865367.394802 peer 0x118008000 message 303
1706865367.394807 open write file 2 -
1706865367.394815 sending message 305 to peer 0x118008000 (8 bytes)
1706865367.394826 write check file 2
1706865367.394846 peer 0x118008000 message 304
1706865367.394850 write 58 to file 2
1706865367.394854 peer 0x118008000 message 203
1706865367.394858 file 2 58 bytes left
1706865367.394869 write check file 2
1706865367.394872 client loop exit
